<?xml version="1.0" encoding="UTF-8"?>
<testsuite name="agh.ics.oop.RectangularMapTest" tests="2" skipped="0" failures="0" errors="0" timestamp="2022-11-29T17:59:36" hostname="LAPTOP-KPVCAVUG" time="0.094">
  <properties/>
  <testcase name="RectangularMapMovement()" classname="agh.ics.oop.RectangularMapTest" time="0.091"/>
  <testcase name="IWorldMapMethods()" classname="agh.ics.oop.RectangularMapTest" time="0.001"/>
  <system-out><![CDATA[ y\x  0 1 2 3 4 5 6 7 8 910
  6: -----------------------
  5: | | | | | | | | | | | |
  4: | | | |^| | | | | | | |
  3: | | |^| | | | | | | | |
  2: | | | | | | | | | | | |
  1: | | | | | | | | | | | |
  0: | | | | | | | | | | | |
 -1: -----------------------

 y\x  0 1 2 3 4 5 6 7 8 910
  6: -----------------------
  5: | | | | | | | | | | | |
  4: | | | | | | | | | | | |
  3: | | |^|^| | | | | | | |
  2: | | | | | | | | | | | |
  1: | | | | | | | | | | | |
  0: | | | | | | | | | | | |
 -1: -----------------------

 y\x  0 1 2 3 4 5 6 7 8 910
  6: -----------------------
  5: | | | | | | | | | | | |
  4: | | | | | | | | | | | |
  3: | | |>|^| | | | | | | |
  2: | | | | | | | | | | | |
  1: | | | | | | | | | | | |
  0: | | | | | | | | | | | |
 -1: -----------------------

 y\x  0 1 2 3 4 5 6 7 8 910
  6: -----------------------
  5: | | | | | | | | | | | |
  4: | | | | | | | | | | | |
  3: | | |>|<| | | | | | | |
  2: | | | | | | | | | | | |
  1: | | | | | | | | | | | |
  0: | | | | | | | | | | | |
 -1: -----------------------

 y\x  0 1 2 3 4 5 6 7 8 910
  6: -----------------------
  5: | | | | | | | | | | | |
  4: | | | | | | | | | | | |
  3: | | |>|<| | | | | | | |
  2: | | | | | | | | | | | |
  1: | | | | | | | | | | | |
  0: | | | | | | | | | | | |
 -1: -----------------------

 y\x  0 1 2 3 4 5 6 7 8 910
  6: -----------------------
  5: | | | | | | | | | | | |
  4: | | | | | | | | | | | |
  3: | | |>|<| | | | | | | |
  2: | | | | | | | | | | | |
  1: | | | | | | | | | | | |
  0: | | | | | | | | | | | |
 -1: -----------------------

 y\x  0 1 2 3 4 5 6 7 8 910
  6: -----------------------
  5: | | | | | | | | | | | |
  4: | | | | | | | | | | | |
  3: | | |v|<| | | | | | | |
  2: | | | | | | | | | | | |
  1: | | | | | | | | | | | |
  0: | | | | | | | | | | | |
 -1: -----------------------

 y\x  0 1 2 3 4 5 6 7 8 910
  6: -----------------------
  5: | | | | | | | | | | | |
  4: | | | | | | | | | | | |
  3: | | |v|^| | | | | | | |
  2: | | | | | | | | | | | |
  1: | | | | | | | | | | | |
  0: | | | | | | | | | | | |
 -1: -----------------------

 y\x  0 1 2 3 4 5 6 7 8 910
  6: -----------------------
  5: | | | | | | | | | | | |
  4: | | | | | | | | | | | |
  3: | | | |^| | | | | | | |
  2: | | |v| | | | | | | | |
  1: | | | | | | | | | | | |
  0: | | | | | | | | | | | |
 -1: -----------------------

 y\x  0 1 2 3 4 5 6 7 8 910
  6: -----------------------
  5: | | | | | | | | | | | |
  4: | | | |^| | | | | | | |
  3: | | | | | | | | | | | |
  2: | | |v| | | | | | | | |
  1: | | | | | | | | | | | |
  0: | | | | | | | | | | | |
 -1: -----------------------

 y\x  0 1 2 3 4 5 6 7 8 910
  6: -----------------------
  5: | | | | | | | | | | | |
  4: | | | |^| | | | | | | |
  3: | | | | | | | | | | | |
  2: | | | | | | | | | | | |
  1: | | |v| | | | | | | | |
  0: | | | | | | | | | | | |
 -1: -----------------------

 y\x  0 1 2 3 4 5 6 7 8 910
  6: -----------------------
  5: | | | |^| | | | | | | |
  4: | | | | | | | | | | | |
  3: | | | | | | | | | | | |
  2: | | | | | | | | | | | |
  1: | | |v| | | | | | | | |
  0: | | | | | | | | | | | |
 -1: -----------------------

 y\x  0 1 2 3 4 5 6 7 8 910
  6: -----------------------
  5: | | | |^| | | | | | | |
  4: | | | | | | | | | | | |
  3: | | | | | | | | | | | |
  2: | | | | | | | | | | | |
  1: | | | | | | | | | | | |
  0: | | |v| | | | | | | | |
 -1: -----------------------

 y\x  0 1 2 3 4 5 6 7 8 910
  6: -----------------------
  5: | | | |^| | | | | | | |
  4: | | | | | | | | | | | |
  3: | | | | | | | | | | | |
  2: | | | | | | | | | | | |
  1: | | | | | | | | | | | |
  0: | | |v| | | | | | | | |
 -1: -----------------------

 y\x  0 1 2 3 4 5 6 7 8 910
  6: -----------------------
  5: | | | |^| | | | | | | |
  4: | | | | | | | | | | | |
  3: | | | | | | | | | | | |
  2: | | | | | | | | | | | |
  1: | | | | | | | | | | | |
  0: | | |v| | | | | | | | |
 -1: -----------------------

 y\x  0 1 2 3 4 5 6 7 8 910
  6: -----------------------
  5: | | | |^| | | | | | | |
  4: | | | | | | | | | | | |
  3: | | | | | | | | | | | |
  2: | | | | | | | | | | | |
  1: | | | | | | | | | | | |
  0: | | |v| | | | | | | | |
 -1: -----------------------

]]></system-out>
  <system-err><![CDATA[]]></system-err>
</testsuite>
