<?xml version="1.0" encoding="UTF-8"?>
<testsuite name="agh.ics.oop.AnimalTest" tests="1" skipped="0" failures="0" errors="0" timestamp="2022-11-15T22:43:50" hostname="DESKTOP-JFOSEJ0" time="0.025">
  <properties/>
  <testcase name="AnimalMapMovement()" classname="agh.ics.oop.AnimalTest" time="0.025"/>
  <system-out><![CDATA[]]></system-out>
  <system-err><![CDATA[]]></system-err>
</testsuite>
