<?xml version="1.0" encoding="UTF-8"?>
<testsuite name="agh.ics.oop.GrassFieldTest" tests="2" skipped="0" failures="0" errors="0" timestamp="2022-11-21T17:05:03" hostname="DESKTOP-JFOSEJ0" time="0.044">
  <properties/>
  <testcase name="GrassFieldMovement()" classname="agh.ics.oop.GrassFieldTest" time="0.042"/>
  <testcase name="IWorldMapMethods()" classname="agh.ics.oop.GrassFieldTest" time="0.002"/>
  <system-out><![CDATA[(8,7)
(5,0)
(5,0)
(5,0)
(5,0)
(5,0)
(1,0)
(1,0)
(1,0)
(1,0)
(1,6)
(0,6)
(0,1)
(0,0)
(0,0)
(0,0)
]]></system-out>
  <system-err><![CDATA[]]></system-err>
</testsuite>
